This file contains any messages produced by compilers while
running configure, to aid debugging if configure makes a mistake.

It was created by vsprog configure 1.1, which was
generated by GNU Autoconf 2.69.  Invocation command line was

  $ ./configure --enable-maintainer-mode CC=ccache gcc --no-create --no-recursion

## --------- ##
## Platform. ##
## --------- ##

hostname = mxlinux
uname -m = x86_64
uname -r = 4.19.0-6-amd64
uname -s = Linux
uname -v = #1 SMP Debian 4.19.67-2+deb10u2 (2019-11-11)

/usr/bin/uname -p = unknown
/bin/uname -X     = unknown

/bin/arch              = x86_64
/usr/bin/arch -k       = unknown
/usr/convex/getsysinfo = unknown
/usr/bin/hostinfo      = unknown
/bin/machine           = unknown
/usr/bin/oslevel       = unknown
/bin/universe          = unknown

PATH: /usr/local/bin
PATH: /usr/bin
PATH: /bin
PATH: /usr/local/games
PATH: /usr/games
PATH: /home/maddocks/.cargo/bin
PATH: /opt/st/stm32cubeide_1.5.1
PATH: /usr/local/lpcscrypt-2.1.2_57/bin
PATH: /usr/local/STMicroelectronics/STM32Cube/STM32CubeProgrammer/bin
PATH: /sbin
PATH: /usr/sbin


## ----------- ##
## Core tests. ##
## ----------- ##

configure:2351: checking for a BSD-compatible install
configure:2419: result: /usr/bin/install -c
configure:2430: checking whether build environment is sane
configure:2485: result: yes
configure:2634: checking for a thread-safe mkdir -p
configure:2673: result: /usr/bin/mkdir -p
configure:2680: checking for gawk
configure:2696: found /usr/bin/gawk
configure:2707: result: gawk
configure:2718: checking whether make sets $(MAKE)
configure:2740: result: yes
configure:2769: checking whether make supports nested variables
configure:2786: result: yes
configure:2913: checking whether to enable maintainer-specific portions of Makefiles
configure:2922: result: yes
configure:2965: checking build system type
configure:2979: result: x86_64-pc-linux-gnu
configure:2999: checking host system type
configure:3012: result: x86_64-pc-linux-gnu
configure:3053: checking how to print strings
configure:3080: result: printf
configure:3105: checking whether make supports the include directive
configure:3120: make -f confmf.GNU && cat confinc.out
make[1]: Entering directory '/home/maddocks/versaloon-git'
make[1]: Leaving directory '/home/maddocks/versaloon-git'
this is the am__doit target
configure:3123: $? = 0
configure:3142: result: yes (GNU style)
configure:3212: checking for gcc
configure:3239: result: ccache gcc
configure:3468: checking for C compiler version
configure:3477: ccache gcc --version >&5
gcc (Debian 8.3.0-6) 8.3.0
Copyright (C) 2018 Free Software Foundation, Inc.
This is free software; see the source for copying conditions.  There is NO
warranty; not even for MERCHANTABILITY or FITNESS FOR A PARTICULAR PURPOSE.

configure:3488: $? = 0
configure:3477: ccache gcc -v >&5
Using built-in specs.
COLLECT_GCC=/usr/bin/gcc
COLLECT_LTO_WRAPPER=/usr/lib/gcc/x86_64-linux-gnu/8/lto-wrapper
OFFLOAD_TARGET_NAMES=nvptx-none
OFFLOAD_TARGET_DEFAULT=1
Target: x86_64-linux-gnu
Configured with: ../src/configure -v --with-pkgversion='Debian 8.3.0-6' --with-bugurl=file:///usr/share/doc/gcc-8/README.Bugs --enable-languages=c,ada,c++,go,brig,d,fortran,objc,obj-c++ --prefix=/usr --with-gcc-major-version-only --program-suffix=-8 --program-prefix=x86_64-linux-gnu- --enable-shared --enable-linker-build-id --libexecdir=/usr/lib --without-included-gettext --enable-threads=posix --libdir=/usr/lib --enable-nls --enable-bootstrap --enable-clocale=gnu --enable-libstdcxx-debug --enable-libstdcxx-time=yes --with-default-libstdcxx-abi=new --enable-gnu-unique-object --disable-vtable-verify --enable-libmpx --enable-plugin --enable-default-pie --with-system-zlib --with-target-system-zlib --enable-objc-gc=auto --enable-multiarch --disable-werror --with-arch-32=i686 --with-abi=m64 --with-multilib-list=m32,m64,mx32 --enable-multilib --with-tune=generic --enable-offload-targets=nvptx-none --without-cuda-driver --enable-checking=release --build=x86_64-linux-gnu --host=x86_64-linux-gnu --target=x86_64-linux-gnu
Thread model: posix
gcc version 8.3.0 (Debian 8.3.0-6) 
configure:3488: $? = 0
configure:3477: ccache gcc -V >&5
gcc: error: unrecognized command line option '-V'
gcc: fatal error: no input files
compilation terminated.
configure:3488: $? = 1
configure:3477: ccache gcc -qversion >&5
gcc: error: unrecognized command line option '-qversion'; did you mean '--version'?
gcc: fatal error: no input files
compilation terminated.
configure:3488: $? = 1
configure:3508: checking whether the C compiler works
configure:3530: ccache gcc    conftest.c  >&5
configure:3534: $? = 0
configure:3582: result: yes
configure:3585: checking for C compiler default output file name
configure:3587: result: a.out
configure:3593: checking for suffix of executables
configure:3600: ccache gcc -o conftest    conftest.c  >&5
configure:3604: $? = 0
configure:3626: result: 
configure:3648: checking whether we are cross compiling
configure:3656: ccache gcc -o conftest    conftest.c  >&5
configure:3660: $? = 0
configure:3667: ./conftest
configure:3671: $? = 0
configure:3659: result: no
configure:3664: checking for suffix of object files
configure:3686: ccache gcc -c   conftest.c >&5
configure:3690: $? = 0
configure:3711: result: o
configure:3715: checking whether we are using the GNU C compiler
configure:3734: ccache gcc -c   conftest.c >&5
configure:3734: $? = 0
configure:3743: result: yes
configure:3752: checking whether ccache gcc accepts -g
configure:3772: ccache gcc -c -g  conftest.c >&5
configure:3772: $? = 0
configure:3813: result: yes
configure:3830: checking for ccache gcc option to accept ISO C89
configure:3893: ccache gcc  -c -g -O2  conftest.c >&5
configure:3893: $? = 0
configure:3906: result: none needed
configure:3931: checking whether ccache gcc understands -c and -o together
configure:3953: ccache gcc -c conftest.c -o conftest2.o
configure:3956: $? = 0
configure:3953: ccache gcc -c conftest.c -o conftest2.o
configure:3956: $? = 0
configure:3968: result: yes
configure:3987: checking dependency style of ccache gcc
configure:4098: result: gcc3
configure:4113: checking for a sed that does not truncate output
configure:4177: result: /usr/bin/sed
configure:4195: checking for grep that handles long lines and -e
configure:4253: result: /usr/bin/grep
configure:4258: checking for egrep
configure:4320: result: /usr/bin/grep -E
configure:4325: checking for fgrep
configure:4387: result: /usr/bin/grep -F
configure:4422: checking for ld used by ccache gcc
configure:4489: result: /usr/bin/ld
configure:4496: checking if the linker (/usr/bin/ld) is GNU ld
configure:4511: result: yes
configure:4523: checking for BSD- or MS-compatible name lister (nm)
configure:4577: result: /usr/bin/nm -B
configure:4707: checking the name lister (/usr/bin/nm -B) interface
configure:4714: ccache gcc -c -g -O2  conftest.c >&5
configure:4717: /usr/bin/nm -B "conftest.o"
configure:4720: output
0000000000000000 B some_variable
configure:4721: result: BSD nm
configure:4724: checking whether ln -s works
configure:4728: result: yes
configure:4736: checking the maximum length of command line arguments
configure:4867: result: 1572864
configure:4915: checking how to convert x86_64-pc-linux-gnu file names to x86_64-pc-linux-gnu format
configure:4955: result: func_convert_file_noop
configure:4962: checking how to convert x86_64-pc-linux-gnu file names to toolchain format
configure:4982: result: func_convert_file_noop
configure:4989: checking for /usr/bin/ld option to reload object files
configure:4996: result: -r
configure:5070: checking for objdump
configure:5086: found /usr/bin/objdump
configure:5097: result: objdump
configure:5129: checking how to recognize dependent libraries
configure:5329: result: pass_all
configure:5414: checking for dlltool
configure:5444: result: no
configure:5474: checking how to associate runtime and link libraries
configure:5501: result: printf %s\n
configure:5562: checking for ar
configure:5578: found /usr/bin/ar
configure:5589: result: ar
configure:5626: checking for archiver @FILE support
configure:5643: ccache gcc -c -g -O2  conftest.c >&5
configure:5643: $? = 0
configure:5646: ar cru libconftest.a @conftest.lst >&5
ar: `u' modifier ignored since `D' is the default (see `U')
configure:5649: $? = 0
configure:5654: ar cru libconftest.a @conftest.lst >&5
ar: `u' modifier ignored since `D' is the default (see `U')
ar: conftest.o: No such file or directory
configure:5657: $? = 1
configure:5656: result: @
configure:5714: checking for strip
configure:5730: found /usr/bin/strip
configure:5741: result: strip
configure:5813: checking for ranlib
configure:5829: found /usr/bin/ranlib
configure:5840: result: ranlib
configure:5942: checking command to parse /usr/bin/nm -B output from ccache gcc object
configure:6095: ccache gcc -c -g -O2  conftest.c >&5
configure:6098: $? = 0
configure:6102: /usr/bin/nm -B conftest.o | sed -n -e 's/^.*[	 ]\([ABCDGIRSTW][ABCDGIRSTW]*\)[	 ][	 ]*\([_A-Za-z][_A-Za-z0-9]*\)$/\1 \2 \2/p' | sed '/ __gnu_lto/d' > conftest.nm
configure:6168: ccache gcc -o conftest -g -O2   conftest.c conftstm.o >&5
configure:6171: $? = 0
configure:6209: result: ok
configure:6256: checking for sysroot
configure:6286: result: no
configure:6293: checking for a working dd
configure:6331: result: /usr/bin/dd
configure:6335: checking how to truncate binary pipes
configure:6350: result: /usr/bin/dd bs=4096 count=1
configure:6486: ccache gcc -c -g -O2  conftest.c >&5
configure:6489: $? = 0
configure:6679: checking for mt
configure:6695: found /usr/bin/mt
configure:6706: result: mt
configure:6729: checking if mt is a manifest tool
configure:6735: mt '-?'
configure:6743: result: no
configure:7420: checking how to run the C preprocessor
configure:7451: ccache gcc -E  conftest.c
configure:7451: $? = 0
configure:7465: ccache gcc -E  conftest.c
conftest.c:11:10: fatal error: ac_nonexistent.h: No such file or directory
 #include <ac_nonexistent.h>
          ^~~~~~~~~~~~~~~~~~
compilation terminated.
configure:7465: $? = 1
configure: failed program was:
| /* confdefs.h */
| #define PACKAGE_NAME "vsprog"
| #define PACKAGE_TARNAME "vsprog"
| #define PACKAGE_VERSION "1.1"
| #define PACKAGE_STRING "vsprog 1.1"
| #define PACKAGE_BUGREPORT "VSProg Mailling List <Versaloon-development@simonqian.com>"
| #define PACKAGE_URL ""
| #define PACKAGE "vsprog"
| #define VERSION "1.1"
| /* end confdefs.h.  */
| #include <ac_nonexistent.h>
configure:7490: result: ccache gcc -E
configure:7510: ccache gcc -E  conftest.c
configure:7510: $? = 0
configure:7524: ccache gcc -E  conftest.c
conftest.c:11:10: fatal error: ac_nonexistent.h: No such file or directory
 #include <ac_nonexistent.h>
          ^~~~~~~~~~~~~~~~~~
compilation terminated.
configure:7524: $? = 1
configure: failed program was:
| /* confdefs.h */
| #define PACKAGE_NAME "vsprog"
| #define PACKAGE_TARNAME "vsprog"
| #define PACKAGE_VERSION "1.1"
| #define PACKAGE_STRING "vsprog 1.1"
| #define PACKAGE_BUGREPORT "VSProg Mailling List <Versaloon-development@simonqian.com>"
| #define PACKAGE_URL ""
| #define PACKAGE "vsprog"
| #define VERSION "1.1"
| /* end confdefs.h.  */
| #include <ac_nonexistent.h>
configure:7553: checking for ANSI C header files
configure:7573: ccache gcc -c -g -O2  conftest.c >&5
configure:7573: $? = 0
configure:7646: ccache gcc -o conftest -g -O2   conftest.c  >&5
configure:7646: $? = 0
configure:7646: ./conftest
configure:7646: $? = 0
configure:7657: result: yes
configure:7670: checking for sys/types.h
configure:7670: ccache gcc -c -g -O2  conftest.c >&5
configure:7670: $? = 0
configure:7670: result: yes
configure:7670: checking for sys/stat.h
configure:7670: ccache gcc -c -g -O2  conftest.c >&5
configure:7670: $? = 0
configure:7670: result: yes
configure:7670: checking for stdlib.h
configure:7670: ccache gcc -c -g -O2  conftest.c >&5
configure:7670: $? = 0
configure:7670: result: yes
configure:7670: checking for string.h
configure:7670: ccache gcc -c -g -O2  conftest.c >&5
configure:7670: $? = 0
configure:7670: result: yes
configure:7670: checking for memory.h
configure:7670: ccache gcc -c -g -O2  conftest.c >&5
configure:7670: $? = 0
configure:7670: result: yes
configure:7670: checking for strings.h
configure:7670: ccache gcc -c -g -O2  conftest.c >&5
configure:7670: $? = 0
configure:7670: result: yes
configure:7670: checking for inttypes.h
configure:7670: ccache gcc -c -g -O2  conftest.c >&5
configure:7670: $? = 0
configure:7670: result: yes
configure:7670: checking for stdint.h
configure:7670: ccache gcc -c -g -O2  conftest.c >&5
configure:7670: $? = 0
configure:7670: result: yes
configure:7670: checking for unistd.h
configure:7670: ccache gcc -c -g -O2  conftest.c >&5
configure:7670: $? = 0
configure:7670: result: yes
configure:7684: checking for dlfcn.h
configure:7684: ccache gcc -c -g -O2  conftest.c >&5
configure:7684: $? = 0
configure:7684: result: yes
configure:7940: checking for objdir
configure:7955: result: .libs
configure:8219: checking if ccache gcc supports -fno-rtti -fno-exceptions
configure:8237: ccache gcc -c -g -O2  -fno-rtti -fno-exceptions conftest.c >&5
cc1: warning: command line option '-fno-rtti' is valid for C++/ObjC++ but not for C
configure:8241: $? = 0
configure:8254: result: no
configure:8612: checking for ccache gcc option to produce PIC
configure:8619: result: -fPIC -DPIC
configure:8627: checking if ccache gcc PIC flag -fPIC -DPIC works
configure:8645: ccache gcc -c -g -O2  -fPIC -DPIC -DPIC conftest.c >&5
configure:8649: $? = 0
configure:8662: result: yes
configure:8691: checking if ccache gcc static flag -static works
configure:8719: result: yes
configure:8734: checking if ccache gcc supports -c -o file.o
configure:8755: ccache gcc -c -g -O2  -o out/conftest2.o conftest.c >&5
configure:8759: $? = 0
configure:8781: result: yes
configure:8789: checking if ccache gcc supports -c -o file.o
configure:8836: result: yes
configure:8869: checking whether the ccache gcc linker (/usr/bin/ld -m elf_x86_64) supports shared libraries
configure:10132: result: yes
configure:10169: checking whether -lc should be explicitly linked in
configure:10177: ccache gcc -c -g -O2  conftest.c >&5
configure:10180: $? = 0
configure:10195: ccache gcc -shared  -fPIC -DPIC conftest.o  -v -Wl,-soname -Wl,conftest -o conftest 2\>\&1 \| /usr/bin/grep  -lc  \>/dev/null 2\>\&1
configure:10198: $? = 0
configure:10212: result: no
configure:10372: checking dynamic linker characteristics
configure:10953: ccache gcc -o conftest -g -O2   -Wl,-rpath -Wl,/foo conftest.c  >&5
configure:10953: $? = 0
configure:11202: result: GNU/Linux ld.so
configure:11324: checking how to hardcode library paths into programs
configure:11349: result: immediate
configure:11897: checking whether stripping libraries is possible
configure:11902: result: yes
configure:11937: checking if libtool supports shared libraries
configure:11939: result: yes
configure:11942: checking whether to build shared libraries
configure:11967: result: yes
configure:11970: checking whether to build static libraries
configure:11974: result: yes
configure:8846: checking for gcc
configure:8873: result: ccache gcc
configure:9102: checking for C compiler version
configure:9111: ccache gcc --version >&5
gcc (Debian 8.3.0-6) 8.3.0
Copyright (C) 2018 Free Software Foundation, Inc.
This is free software; see the source for copying conditions.  There is NO
warranty; not even for MERCHANTABILITY or FITNESS FOR A PARTICULAR PURPOSE.

configure:9122: $? = 0
configure:9111: ccache gcc -v >&5
Using built-in specs.
COLLECT_GCC=/usr/bin/gcc
COLLECT_LTO_WRAPPER=/usr/lib/gcc/x86_64-linux-gnu/8/lto-wrapper
OFFLOAD_TARGET_NAMES=nvptx-none
OFFLOAD_TARGET_DEFAULT=1
Target: x86_64-linux-gnu
Configured with: ../src/configure -v --with-pkgversion='Debian 8.3.0-6' --with-bugurl=file:///usr/share/doc/gcc-8/README.Bugs --enable-languages=c,ada,c++,go,brig,d,fortran,objc,obj-c++ --prefix=/usr --with-gcc-major-version-only --program-suffix=-8 --program-prefix=x86_64-linux-gnu- --enable-shared --enable-linker-build-id --libexecdir=/usr/lib --without-included-gettext --enable-threads=posix --libdir=/usr/lib --enable-nls --enable-bootstrap --enable-clocale=gnu --enable-libstdcxx-debug --enable-libstdcxx-time=yes --with-default-libstdcxx-abi=new --enable-gnu-unique-object --disable-vtable-verify --enable-libmpx --enable-plugin --enable-default-pie --with-system-zlib --with-target-system-zlib --enable-objc-gc=auto --enable-multiarch --disable-werror --with-arch-32=i686 --with-abi=m64 --with-multilib-list=m32,m64,mx32 --enable-multilib --with-tune=generic --enable-offload-targets=nvptx-none --without-cuda-driver --enable-checking=release --build=x86_64-linux-gnu --host=x86_64-linux-gnu --target=x86_64-linux-gnu
Thread model: posix
gcc version 8.3.0 (Debian 8.3.0-6) 
configure:9122: $? = 0
configure:9111: ccache gcc -V >&5
gcc: error: unrecognized command line option '-V'
gcc: fatal error: no input files
compilation terminated.
configure:9122: $? = 1
configure:9111: ccache gcc -qversion >&5
gcc: error: unrecognized command line option '-qversion'; did you mean '--version'?
gcc: fatal error: no input files
compilation terminated.
configure:9122: $? = 1
configure:9126: checking whether we are using the GNU C compiler
configure:9154: result: yes
configure:9163: checking whether ccache gcc accepts -g
configure:9224: result: yes
configure:9241: checking for ccache gcc option to accept ISO C89
configure:9317: result: none needed
configure:9342: checking whether ccache gcc understands -c and -o together
configure:9379: result: yes
configure:9398: checking dependency style of ccache gcc
configure:9509: result: gcc3
configure:9524: checking for ccache gcc option to accept ISO C99
configure:9673: ccache gcc  -c -g -O2  conftest.c >&5
configure:9673: $? = 0
configure:9686: result: none needed
configure:9745: checking for ranlib
configure:9772: result: ranlib
configure:9841: checking for xml2-config
configure:9859: found /usr/bin/xml2-config
configure:9872: result: /usr/bin/xml2-config
configure:9881: checking for libxml - version >= 2.4.0
configure:9983: ccache gcc -o conftest -g -O2  -I/usr/include/libxml2  conftest.c -lxml2  >&5
configure:9983: $? = 0
configure:9983: ./conftest
configure:9983: $? = 0
configure:9998: result: yes (version 2.9.4)
configure:10064: checking malloc.h usability
configure:10064: ccache gcc -c -g -O2  conftest.c >&5
configure:10064: $? = 0
configure:10064: result: yes
configure:10064: checking malloc.h presence
configure:10064: ccache gcc -E  conftest.c
configure:10064: $? = 0
configure:10064: result: yes
configure:10064: checking for malloc.h
configure:10064: result: yes
configure:10076: checking sys/time.h usability
configure:10076: ccache gcc -c -g -O2  conftest.c >&5
configure:10076: $? = 0
configure:10076: result: yes
configure:10076: checking sys/time.h presence
configure:10076: ccache gcc -E  conftest.c
configure:10076: $? = 0
configure:10076: result: yes
configure:10076: checking for sys/time.h
configure:10076: result: yes
configure:10088: checking for strings.h
configure:10088: result: yes
configure:10100: checking for unistd.h
configure:10100: result: yes
configure:10112: checking whether to enable assertions
configure:10130: result: yes
configure:10133: checking for stdbool.h that conforms to C99
configure:10200: ccache gcc -c -g -O2  conftest.c >&5
configure:10200: $? = 0
configure:10207: result: yes
configure:10209: checking for _Bool
configure:10209: ccache gcc -c -g -O2  conftest.c >&5
configure:10209: $? = 0
configure:10209: ccache gcc -c -g -O2  conftest.c >&5
conftest.c: In function 'main':
conftest.c:63:20: error: expected expression before ')' token
 if (sizeof ((_Bool)))
                    ^
configure:10209: $? = 1
configure: failed program was:
| /* confdefs.h */
| #define PACKAGE_NAME "vsprog"
| #define PACKAGE_TARNAME "vsprog"
| #define PACKAGE_VERSION "1.1"
| #define PACKAGE_STRING "vsprog 1.1"
| #define PACKAGE_BUGREPORT "VSProg Mailling List <Versaloon-development@simonqian.com>"
| #define PACKAGE_URL ""
| #define PACKAGE "vsprog"
| #define VERSION "1.1"
| #define STDC_HEADERS 1
| #define HAVE_SYS_TYPES_H 1
| #define HAVE_SYS_STAT_H 1
| #define HAVE_STDLIB_H 1
| #define HAVE_STRING_H 1
| #define HAVE_MEMORY_H 1
| #define HAVE_STRINGS_H 1
| #define HAVE_INTTYPES_H 1
| #define HAVE_STDINT_H 1
| #define HAVE_UNISTD_H 1
| #define HAVE_DLFCN_H 1
| #define LT_OBJDIR ".libs/"
| #define HAVE_MALLOC_H 1
| #define HAVE_SYS_TIME_H 1
| #define HAVE_STRINGS_H 1
| #define HAVE_UNISTD_H 1
| /* end confdefs.h.  */
| #include <stdio.h>
| #ifdef HAVE_SYS_TYPES_H
| # include <sys/types.h>
| #endif
| #ifdef HAVE_SYS_STAT_H
| # include <sys/stat.h>
| #endif
| #ifdef STDC_HEADERS
| # include <stdlib.h>
| # include <stddef.h>
| #else
| # ifdef HAVE_STDLIB_H
| #  include <stdlib.h>
| # endif
| #endif
| #ifdef HAVE_STRING_H
| # if !defined STDC_HEADERS && defined HAVE_MEMORY_H
| #  include <memory.h>
| # endif
| # include <string.h>
| #endif
| #ifdef HAVE_STRINGS_H
| # include <strings.h>
| #endif
| #ifdef HAVE_INTTYPES_H
| # include <inttypes.h>
| #endif
| #ifdef HAVE_STDINT_H
| # include <stdint.h>
| #endif
| #ifdef HAVE_UNISTD_H
| # include <unistd.h>
| #endif
| int
| main ()
| {
| if (sizeof ((_Bool)))
| 	    return 0;
|   ;
|   return 0;
| }
configure:10209: result: yes
configure:10226: checking whether time.h and sys/time.h may both be included
configure:10246: ccache gcc -c -g -O2  conftest.c >&5
configure:10246: $? = 0
configure:10253: result: yes
configure:10262: checking whether byte ordering is bigendian
configure:10277: ccache gcc -c -g -O2  conftest.c >&5
conftest.c:31:9: error: unknown type name 'not'
         not a universal capable compiler
         ^~~
conftest.c:31:15: error: expected '=', ',', ';', 'asm' or '__attribute__' before 'universal'
         not a universal capable compiler
               ^~~~~~~~~
conftest.c:31:15: error: unknown type name 'universal'
configure:10277: $? = 1
configure: failed program was:
| /* confdefs.h */
| #define PACKAGE_NAME "vsprog"
| #define PACKAGE_TARNAME "vsprog"
| #define PACKAGE_VERSION "1.1"
| #define PACKAGE_STRING "vsprog 1.1"
| #define PACKAGE_BUGREPORT "VSProg Mailling List <Versaloon-development@simonqian.com>"
| #define PACKAGE_URL ""
| #define PACKAGE "vsprog"
| #define VERSION "1.1"
| #define STDC_HEADERS 1
| #define HAVE_SYS_TYPES_H 1
| #define HAVE_SYS_STAT_H 1
| #define HAVE_STDLIB_H 1
| #define HAVE_STRING_H 1
| #define HAVE_MEMORY_H 1
| #define HAVE_STRINGS_H 1
| #define HAVE_INTTYPES_H 1
| #define HAVE_STDINT_H 1
| #define HAVE_UNISTD_H 1
| #define HAVE_DLFCN_H 1
| #define LT_OBJDIR ".libs/"
| #define HAVE_MALLOC_H 1
| #define HAVE_SYS_TIME_H 1
| #define HAVE_STRINGS_H 1
| #define HAVE_UNISTD_H 1
| #define HAVE__BOOL 1
| #define HAVE_STDBOOL_H 1
| #define TIME_WITH_SYS_TIME 1
| /* end confdefs.h.  */
| #ifndef __APPLE_CC__
| 	       not a universal capable compiler
| 	     #endif
| 	     typedef int dummy;
| 
configure:10322: ccache gcc -c -g -O2  conftest.c >&5
configure:10322: $? = 0
configure:10340: ccache gcc -c -g -O2  conftest.c >&5
conftest.c: In function 'main':
conftest.c:37:4: error: unknown type name 'not'; did you mean 'ino_t'?
    not big endian
    ^~~
    ino_t
conftest.c:37:12: error: expected '=', ',', ';', 'asm' or '__attribute__' before 'endian'
    not big endian
            ^~~~~~
configure:10340: $? = 1
configure: failed program was:
| /* confdefs.h */
| #define PACKAGE_NAME "vsprog"
| #define PACKAGE_TARNAME "vsprog"
| #define PACKAGE_VERSION "1.1"
| #define PACKAGE_STRING "vsprog 1.1"
| #define PACKAGE_BUGREPORT "VSProg Mailling List <Versaloon-development@simonqian.com>"
| #define PACKAGE_URL ""
| #define PACKAGE "vsprog"
| #define VERSION "1.1"
| #define STDC_HEADERS 1
| #define HAVE_SYS_TYPES_H 1
| #define HAVE_SYS_STAT_H 1
| #define HAVE_STDLIB_H 1
| #define HAVE_STRING_H 1
| #define HAVE_MEMORY_H 1
| #define HAVE_STRINGS_H 1
| #define HAVE_INTTYPES_H 1
| #define HAVE_STDINT_H 1
| #define HAVE_UNISTD_H 1
| #define HAVE_DLFCN_H 1
| #define LT_OBJDIR ".libs/"
| #define HAVE_MALLOC_H 1
| #define HAVE_SYS_TIME_H 1
| #define HAVE_STRINGS_H 1
| #define HAVE_UNISTD_H 1
| #define HAVE__BOOL 1
| #define HAVE_STDBOOL_H 1
| #define TIME_WITH_SYS_TIME 1
| /* end confdefs.h.  */
| #include <sys/types.h>
| 		#include <sys/param.h>
| 
| int
| main ()
| {
| #if BYTE_ORDER != BIG_ENDIAN
| 		 not big endian
| 		#endif
| 
|   ;
|   return 0;
| }
configure:10468: result: no
configure:10489: checking for usleep
configure:10489: ccache gcc -o conftest -g -O2   conftest.c  >&5
configure:10489: $? = 0
configure:10489: result: yes
configure:10500: checking for strtoul
configure:10500: ccache gcc -o conftest -g -O2   conftest.c  >&5
configure:10500: $? = 0
configure:10500: result: yes
configure:10511: checking for gettimeofday
configure:10511: ccache gcc -o conftest -g -O2   conftest.c  >&5
configure:10511: $? = 0
configure:10511: result: yes
configure:10522: checking for strchr
configure:10522: ccache gcc -o conftest -g -O2   conftest.c  >&5
conftest.c:56:6: warning: conflicting types for built-in function 'strchr' [-Wbuiltin-declaration-mismatch]
 char strchr ();
      ^~~~~~
configure:10522: $? = 0
configure:10522: result: yes
configure:10550: checking for "./guess-rev.sh"
configure:10564: result: yes
configure:10684: checking for suffix of executable build tools
configure:10713: result: 
configure:10819: checking that generated files are newer than configure
configure:10825: result: done
configure:10873: creating ./config.status

## ---------------- ##
## Cache variables. ##
## ---------------- ##

ac_cv_build=x86_64-pc-linux-gnu
ac_cv_c_bigendian=no
ac_cv_c_compiler_gnu=yes
ac_cv_env_CC_set=set
ac_cv_env_CC_value='ccache gcc'
ac_cv_env_CFLAGS_set=
ac_cv_env_CFLAGS_value=
ac_cv_env_CPPFLAGS_set=
ac_cv_env_CPPFLAGS_value=
ac_cv_env_CPP_set=
ac_cv_env_CPP_value=
ac_cv_env_LDFLAGS_set=
ac_cv_env_LDFLAGS_value=
ac_cv_env_LIBS_set=
ac_cv_env_LIBS_value=
ac_cv_env_LT_SYS_LIBRARY_PATH_set=
ac_cv_env_LT_SYS_LIBRARY_PATH_value=
ac_cv_env_build_alias_set=
ac_cv_env_build_alias_value=
ac_cv_env_host_alias_set=
ac_cv_env_host_alias_value=
ac_cv_env_target_alias_set=
ac_cv_env_target_alias_value=
ac_cv_file___guess_rev_sh=yes
ac_cv_func_gettimeofday=yes
ac_cv_func_strchr=yes
ac_cv_func_strtoul=yes
ac_cv_func_usleep=yes
ac_cv_header_dlfcn_h=yes
ac_cv_header_inttypes_h=yes
ac_cv_header_malloc_h=yes
ac_cv_header_memory_h=yes
ac_cv_header_stdbool_h=yes
ac_cv_header_stdc=yes
ac_cv_header_stdint_h=yes
ac_cv_header_stdlib_h=yes
ac_cv_header_string_h=yes
ac_cv_header_strings_h=yes
ac_cv_header_sys_stat_h=yes
ac_cv_header_sys_time_h=yes
ac_cv_header_sys_types_h=yes
ac_cv_header_time=yes
ac_cv_header_unistd_h=yes
ac_cv_host=x86_64-pc-linux-gnu
ac_cv_objext=o
ac_cv_path_EGREP='/usr/bin/grep -E'
ac_cv_path_FGREP='/usr/bin/grep -F'
ac_cv_path_GREP=/usr/bin/grep
ac_cv_path_SED=/usr/bin/sed
ac_cv_path_XML2_CONFIG=/usr/bin/xml2-config
ac_cv_path_install='/usr/bin/install -c'
ac_cv_path_lt_DD=/usr/bin/dd
ac_cv_path_mkdir=/usr/bin/mkdir
ac_cv_prog_AWK=gawk
ac_cv_prog_CPP='ccache gcc -E'
ac_cv_prog_ac_ct_AR=ar
ac_cv_prog_ac_ct_CC='ccache gcc'
ac_cv_prog_ac_ct_MANIFEST_TOOL=mt
ac_cv_prog_ac_ct_OBJDUMP=objdump
ac_cv_prog_ac_ct_RANLIB=ranlib
ac_cv_prog_ac_ct_STRIP=strip
ac_cv_prog_cc_c89=
ac_cv_prog_cc_c99=
ac_cv_prog_cc_g=yes
ac_cv_prog_make_make_set=yes
ac_cv_type__Bool=yes
am_cv_CC_dependencies_compiler_type=gcc3
am_cv_make_support_nested_variables=yes
am_cv_prog_cc_c_o=yes
lt_cv_ar_at_file=@
lt_cv_archive_cmds_need_lc=no
lt_cv_deplibs_check_method=pass_all
lt_cv_file_magic_cmd='$MAGIC_CMD'
lt_cv_file_magic_test_file=
lt_cv_ld_reload_flag=-r
lt_cv_nm_interface='BSD nm'
lt_cv_objdir=.libs
lt_cv_path_LD=/usr/bin/ld
lt_cv_path_NM='/usr/bin/nm -B'
lt_cv_path_mainfest_tool=no
lt_cv_prog_compiler_c_o=yes
lt_cv_prog_compiler_pic='-fPIC -DPIC'
lt_cv_prog_compiler_pic_works=yes
lt_cv_prog_compiler_rtti_exceptions=no
lt_cv_prog_compiler_static_works=yes
lt_cv_prog_gnu_ld=yes
lt_cv_sharedlib_from_linklib_cmd='printf %s\n'
lt_cv_shlibpath_overrides_runpath=yes
lt_cv_sys_global_symbol_pipe='sed -n -e '\''s/^.*[	 ]\([ABCDGIRSTW][ABCDGIRSTW]*\)[	 ][	 ]*\([_A-Za-z][_A-Za-z0-9]*\)$/\1 \2 \2/p'\'' | sed '\''/ __gnu_lto/d'\'''
lt_cv_sys_global_symbol_to_c_name_address='sed -n -e '\''s/^: \(.*\) .*$/  {"\1", (void *) 0},/p'\'' -e '\''s/^[ABCDGIRSTW][ABCDGIRSTW]* .* \(.*\)$/  {"\1", (void *) \&\1},/p'\'''
lt_cv_sys_global_symbol_to_c_name_address_lib_prefix='sed -n -e '\''s/^: \(.*\) .*$/  {"\1", (void *) 0},/p'\'' -e '\''s/^[ABCDGIRSTW][ABCDGIRSTW]* .* \(lib.*\)$/  {"\1", (void *) \&\1},/p'\'' -e '\''s/^[ABCDGIRSTW][ABCDGIRSTW]* .* \(.*\)$/  {"lib\1", (void *) \&\1},/p'\'''
lt_cv_sys_global_symbol_to_cdecl='sed -n -e '\''s/^T .* \(.*\)$/extern int \1();/p'\'' -e '\''s/^[ABCDGIRSTW][ABCDGIRSTW]* .* \(.*\)$/extern char \1;/p'\'''
lt_cv_sys_global_symbol_to_import=
lt_cv_sys_max_cmd_len=1572864
lt_cv_to_host_file_cmd=func_convert_file_noop
lt_cv_to_tool_file_cmd=func_convert_file_noop
lt_cv_truncate_bin='/usr/bin/dd bs=4096 count=1'

## ----------------- ##
## Output variables. ##
## ----------------- ##

ACLOCAL='${SHELL} /home/maddocks/versaloon-git/missing aclocal-1.16'
AMDEPBACKSLASH='\'
AMDEP_FALSE='#'
AMDEP_TRUE=''
AMTAR='$${TAR-tar}'
AM_BACKSLASH='\'
AM_DEFAULT_V='$(AM_DEFAULT_VERBOSITY)'
AM_DEFAULT_VERBOSITY='1'
AM_V='$(V)'
AR='ar'
AUTOCONF='${SHELL} /home/maddocks/versaloon-git/missing autoconf'
AUTOHEADER='${SHELL} /home/maddocks/versaloon-git/missing autoheader'
AUTOMAKE='${SHELL} /home/maddocks/versaloon-git/missing automake-1.16'
AWK='gawk'
CC='ccache gcc'
CCDEPMODE='depmode=gcc3'
CFLAGS='-g -O2 -Wall -Wstrict-prototypes -Wformat=0 -Wno-unused-parameter -Wno-missing-field-initializers -Wextra -Wbad-function-cast -Wcast-align -Wredundant-decls -I/usr/include/libxml2'
CPP='ccache gcc -E'
CPPFLAGS=''
CYGPATH_W='echo'
DEFS='-DHAVE_CONFIG_H'
DEPDIR='.deps'
DLLTOOL='false'
DSYMUTIL=''
DUMPBIN=''
ECHO_C=''
ECHO_N='-n'
ECHO_T=''
EGREP='/usr/bin/grep -E'
EXEEXT=''
EXEEXT_FOR_BUILD=''
FGREP='/usr/bin/grep -F'
GREP='/usr/bin/grep'
INSTALL_DATA='${INSTALL} -m 644'
INSTALL_PROGRAM='${INSTALL}'
INSTALL_SCRIPT='${INSTALL}'
INSTALL_STRIP_PROGRAM='$(install_sh) -c -s'
IS_CYGWIN_FALSE=''
IS_CYGWIN_TRUE='#'
IS_MINGW_FALSE=''
IS_MINGW_TRUE='#'
IS_WIN32_FALSE=''
IS_WIN32_TRUE='#'
LD='/usr/bin/ld -m elf_x86_64'
LDFLAGS=''
LIBOBJS=''
LIBS=''
LIBTOOL='$(SHELL) $(top_builddir)/libtool'
LIPO=''
LN_S='ln -s'
LTLIBOBJS=''
LT_SYS_LIBRARY_PATH=''
MAINT=''
MAINTAINER_MODE_FALSE='#'
MAINTAINER_MODE_TRUE=''
MAKEINFO='${SHELL} /home/maddocks/versaloon-git/missing makeinfo'
MANIFEST_TOOL=':'
MKDIR_P='/usr/bin/mkdir -p'
NM='/usr/bin/nm -B'
NMEDIT=''
OBJDUMP='objdump'
OBJEXT='o'
OTOOL64=''
OTOOL=''
PACKAGE='vsprog'
PACKAGE_BUGREPORT='VSProg Mailling List <Versaloon-development@simonqian.com>'
PACKAGE_NAME='vsprog'
PACKAGE_STRING='vsprog 1.1'
PACKAGE_TARNAME='vsprog'
PACKAGE_URL=''
PACKAGE_VERSION='1.1'
PATH_SEPARATOR=':'
RANLIB='ranlib'
RELEASE_FALSE=''
RELEASE_TRUE='#'
SED='/usr/bin/sed'
SET_MAKE=''
SHELL='/bin/sh'
STRIP='strip'
VERSION='1.1'
XML2_CONFIG='/usr/bin/xml2-config'
XML_CPPFLAGS='-I/usr/include/libxml2'
XML_LIBS='-lxml2'
ac_ct_AR='ar'
ac_ct_CC='ccache gcc'
ac_ct_DUMPBIN=''
am__EXEEXT_FALSE=''
am__EXEEXT_TRUE='#'
am__fastdepCC_FALSE='#'
am__fastdepCC_TRUE=''
am__include='include'
am__isrc=''
am__leading_dot='.'
am__nodep='_no'
am__quote=''
am__tar='$${TAR-tar} chof - "$$tardir"'
am__untar='$${TAR-tar} xf -'
bindir='${exec_prefix}/bin'
build='x86_64-pc-linux-gnu'
build_alias=''
build_cpu='x86_64'
build_os='linux-gnu'
build_vendor='pc'
datadir='${datarootdir}'
datarootdir='${prefix}/share'
docdir='${datarootdir}/doc/${PACKAGE_TARNAME}'
dvidir='${docdir}'
exec_prefix='${prefix}'
host='x86_64-pc-linux-gnu'
host_alias=''
host_cpu='x86_64'
host_os='linux-gnu'
host_vendor='pc'
htmldir='${docdir}'
includedir='${prefix}/include'
infodir='${datarootdir}/info'
install_sh='${SHELL} /home/maddocks/versaloon-git/install-sh'
libdir='${exec_prefix}/lib'
libexecdir='${exec_prefix}/libexec'
localedir='${datarootdir}/locale'
localstatedir='${prefix}/var'
mandir='${datarootdir}/man'
mkdir_p='$(MKDIR_P)'
oldincludedir='/usr/include'
pdfdir='${docdir}'
prefix='/usr/local'
program_transform_name='s,x,x,'
psdir='${docdir}'
runstatedir='${localstatedir}/run'
sbindir='${exec_prefix}/sbin'
sharedstatedir='${prefix}/com'
sysconfdir='${prefix}/etc'
target_alias=''

## ----------- ##
## confdefs.h. ##
## ----------- ##

/* confdefs.h */
#define PACKAGE_NAME "vsprog"
#define PACKAGE_TARNAME "vsprog"
#define PACKAGE_VERSION "1.1"
#define PACKAGE_STRING "vsprog 1.1"
#define PACKAGE_BUGREPORT "VSProg Mailling List <Versaloon-development@simonqian.com>"
#define PACKAGE_URL ""
#define PACKAGE "vsprog"
#define VERSION "1.1"
#define STDC_HEADERS 1
#define HAVE_SYS_TYPES_H 1
#define HAVE_SYS_STAT_H 1
#define HAVE_STDLIB_H 1
#define HAVE_STRING_H 1
#define HAVE_MEMORY_H 1
#define HAVE_STRINGS_H 1
#define HAVE_INTTYPES_H 1
#define HAVE_STDINT_H 1
#define HAVE_UNISTD_H 1
#define HAVE_DLFCN_H 1
#define LT_OBJDIR ".libs/"
#define HAVE_MALLOC_H 1
#define HAVE_SYS_TIME_H 1
#define HAVE_STRINGS_H 1
#define HAVE_UNISTD_H 1
#define HAVE__BOOL 1
#define HAVE_STDBOOL_H 1
#define TIME_WITH_SYS_TIME 1
#define HAVE_USLEEP 1
#define HAVE_STRTOUL 1
#define HAVE_GETTIMEOFDAY 1
#define HAVE_STRCHR 1
#define IS_CYGWIN 0
#define IS_WIN32 0
#define IS_DARWIN 0

configure: exit 0

## ---------------------- ##
## Running config.status. ##
## ---------------------- ##

This file was extended by vsprog config.status 1.1, which was
generated by GNU Autoconf 2.69.  Invocation command line was

  CONFIG_FILES    = 
  CONFIG_HEADERS  = 
  CONFIG_LINKS    = 
  CONFIG_COMMANDS = 
  $ ./config.status 

on mxlinux

config.status:1118: creating Makefile
config.status:1118: creating doc/Makefile
config.status:1118: creating src/Makefile
config.status:1118: creating src/driver/Makefile
config.status:1118: creating src/target/Makefile
config.status:1118: creating src/tools/Makefile
config.status:1118: creating src/programmer/Makefile
config.status:1118: creating vsf/Makefile
config.status:1118: creating src/scripts/Makefile
config.status:1118: creating config.h
config.status:1299: config.h is unchanged
config.status:1347: executing depfiles commands
config.status:1424: cd src       && sed -e '/# am--include-marker/d' Makefile         | make -f - am--depfiles
make[1]: Entering directory '/home/maddocks/versaloon-git/src'
make[1]: Nothing to be done for 'am--depfiles'.
make[1]: Leaving directory '/home/maddocks/versaloon-git/src'
config.status:1429: $? = 0
config.status:1424: cd src/driver       && sed -e '/# am--include-marker/d' Makefile         | make -f - am--depfiles
make[1]: Entering directory '/home/maddocks/versaloon-git/src/driver'
make[1]: Nothing to be done for 'am--depfiles'.
make[1]: Leaving directory '/home/maddocks/versaloon-git/src/driver'
config.status:1429: $? = 0
config.status:1424: cd src/target       && sed -e '/# am--include-marker/d' Makefile         | make -f - am--depfiles
make[1]: Entering directory '/home/maddocks/versaloon-git/src/target'
make[1]: Nothing to be done for 'am--depfiles'.
make[1]: Leaving directory '/home/maddocks/versaloon-git/src/target'
config.status:1429: $? = 0
config.status:1424: cd src/tools       && sed -e '/# am--include-marker/d' Makefile         | make -f - am--depfiles
make[1]: Entering directory '/home/maddocks/versaloon-git/src/tools'
make[1]: Nothing to be done for 'am--depfiles'.
make[1]: Leaving directory '/home/maddocks/versaloon-git/src/tools'
config.status:1429: $? = 0
config.status:1424: cd src/programmer       && sed -e '/# am--include-marker/d' Makefile         | make -f - am--depfiles
make[1]: Entering directory '/home/maddocks/versaloon-git/src/programmer'
make[1]: Nothing to be done for 'am--depfiles'.
make[1]: Leaving directory '/home/maddocks/versaloon-git/src/programmer'
config.status:1429: $? = 0
config.status:1424: cd vsf       && sed -e '/# am--include-marker/d' Makefile         | make -f - am--depfiles
make[1]: Entering directory '/home/maddocks/versaloon-git/vsf'
make[1]: Nothing to be done for 'am--depfiles'.
make[1]: Leaving directory '/home/maddocks/versaloon-git/vsf'
config.status:1429: $? = 0
config.status:1424: cd src/scripts       && sed -e '/# am--include-marker/d' Makefile         | make -f - am--depfiles
make[1]: Entering directory '/home/maddocks/versaloon-git/src/scripts'
make[1]: Nothing to be done for 'am--depfiles'.
make[1]: Leaving directory '/home/maddocks/versaloon-git/src/scripts'
config.status:1429: $? = 0
config.status:1347: executing libtool commands

## ---------------------- ##
## Running config.status. ##
## ---------------------- ##

This file was extended by vsprog config.status 1.1, which was
generated by GNU Autoconf 2.69.  Invocation command line was

  CONFIG_FILES    = 
  CONFIG_HEADERS  = 
  CONFIG_LINKS    = 
  CONFIG_COMMANDS = 
  $ ./config.status config.h

on mxlinux

config.status:1118: creating config.h
